<?xml version="1.0" encoding="UTF-8"?>
<!-- Generated by org.testng.reporters.JUnitReportReporter -->
<testsuite hostname="DESKTOP-SM3GAAU" failures="0" tests="10" name="com.qa.test.ProductDetailsTest" time="95.775" errors="0" timestamp="2022-10-19T19:07:50 PKT" skipped="0">
  <testcase classname="com.qa.test.ProductDetailsTest" name="validateProdTitlePrice" time="7.597"/>
  <system-out/>
  <testcase classname="com.qa.test.ProductDetailsTest" name="validateProdTitlePrice" time="6.644"/>
  <system-out/>
  <testcase classname="com.qa.test.ProductDetailsTest" name="validateProdTitleDetailsPrice" time="13.163"/>
  <system-out/>
  <testcase classname="com.qa.test.ProductDetailsTest" name="validateProdTitleDetailsPrice" time="11.447"/>
  <system-out/>
  <testcase classname="com.qa.test.ProductDetailsTest" name="validateProdDetailsAndPrice" time="13.838"/>
  <system-out/>
  <testcase classname="com.qa.test.ProductDetailsTest" name="validateProdDetailsAndPrice" time="12.675"/>
  <system-out/>
  <testcase classname="com.qa.test.ProductDetailsTest" name="validateProdTitlePriceWithDeeplink" time="4.180"/>
  <system-out/>
  <testcase classname="com.qa.test.ProductDetailsTest" name="validateProdTitlePriceWithDeeplink" time="4.276"/>
  <system-out/>
  <testcase classname="com.qa.test.ProductDetailsTest" name="validateProdDetailsAndPriceWithDeeplink" time="10.045"/>
  <system-out/>
  <testcase classname="com.qa.test.ProductDetailsTest" name="validateProdDetailsAndPriceWithDeeplink" time="11.910"/>
  <system-out/>
</testsuite> <!-- com.qa.test.ProductDetailsTest -->
