<?xml version="1.0" encoding="UTF-8"?>
<!-- Generated by org.testng.reporters.JUnitReportReporter -->
<testsuite hostname="DESKTOP-SM3GAAU" failures="0" tests="1" name="test.code.TestClassTest" time="0.008" errors="0" timestamp="2022-06-04T14:23:22 PKT" skipped="0">
  <testcase classname="test.code.TestClassTest" name="readPropFileTest" time="0.008"/>
  <system-out/>
</testsuite> <!-- test.code.TestClassTest -->
