<?xml version="1.0" encoding="UTF-8"?>
<!-- Generated by org.testng.reporters.JUnitReportReporter -->
<testsuite hostname="DESKTOP-SM3GAAU" failures="0" tests="2" name="com.qa.test.LoginTest" time="8.998" errors="0" timestamp="2022-10-12T22:08:13 PKT" skipped="0">
  <testcase classname="com.qa.test.LoginTest" name="incorrectUser" time="3.872"/>
  <system-out/>
  <testcase classname="com.qa.test.LoginTest" name="incorrectUser" time="5.126"/>
  <system-out/>
</testsuite> <!-- com.qa.test.LoginTest -->
