<?xml version="1.0" encoding="UTF-8"?>
<!-- Generated by org.testng.reporters.JUnitReportReporter -->
<testsuite hostname="DESKTOP-SM3GAAU" failures="0" tests="3" name="com.qa.test.LoginTest" time="9.892" errors="0" timestamp="2022-10-12T16:04:53 PKT" skipped="0">
  <testcase classname="com.qa.test.LoginTest" name="incorrectPassword" time="4.494"/>
  <system-out/>
  <testcase classname="com.qa.test.LoginTest" name="successfulLogin" time="2.766"/>
  <system-out/>
  <testcase classname="com.qa.test.LoginTest" name="incorrectUser" time="2.632"/>
  <system-out/>
</testsuite> <!-- com.qa.test.LoginTest -->
