<?xml version="1.0" encoding="UTF-8"?>
<!-- Generated by org.testng.reporters.JUnitReportReporter -->
<testsuite hostname="DESKTOP-SM3GAAU" failures="0" tests="1" name="test.code.TestNGClass" time="6.167" errors="0" timestamp="2022-06-04T19:10:12 PKT" skipped="0">
  <testcase classname="test.code.TestNGClass" name="readPropertiesFile" time="6.167"/>
  <system-out/>
</testsuite> <!-- test.code.TestNGClass -->
