<?xml version="1.0" encoding="UTF-8"?>
<!-- Generated by org.testng.reporters.JUnitReportReporter -->
<testsuite hostname="DESKTOP-SM3GAAU" failures="0" tests="5" name="com.qa.test.ProductDetailsTest" time="45.358" errors="0" timestamp="2022-10-12T16:11:26 PKT" skipped="0">
  <testcase classname="com.qa.test.ProductDetailsTest" name="validateProdTitlePrice" time="6.501"/>
  <system-out/>
  <testcase classname="com.qa.test.ProductDetailsTest" name="validateProdTitleDetailsPrice" time="11.372"/>
  <system-out/>
  <testcase classname="com.qa.test.ProductDetailsTest" name="validateProdDetailsAndPrice" time="13.405"/>
  <system-out/>
  <testcase classname="com.qa.test.ProductDetailsTest" name="validateProdTitlePriceWithDeeplink" time="3.915"/>
  <system-out/>
  <testcase classname="com.qa.test.ProductDetailsTest" name="validateProdDetailsAndPriceWithDeeplink" time="10.165"/>
  <system-out/>
</testsuite> <!-- com.qa.test.ProductDetailsTest -->
