<?xml version="1.0" encoding="UTF-8"?>
<!-- Generated by org.testng.reporters.JUnitReportReporter -->
<testsuite hostname="DESKTOP-SM3GAAU" failures="0" tests="3" name="com.qa.test.LoginTest" time="12.259" errors="0" timestamp="2022-06-05T21:58:19 PKT" skipped="0">
  <testcase classname="com.qa.test.LoginTest" name="successfulLogin" time="4.085"/>
  <system-out/>
  <testcase classname="com.qa.test.LoginTest" name="incorrectPassword" time="5.016"/>
  <system-out/>
  <testcase classname="com.qa.test.LoginTest" name="incorrectUser" time="3.158"/>
  <system-out/>
</testsuite> <!-- com.qa.test.LoginTest -->
