<?xml version="1.0" encoding="UTF-8"?>
<!-- Generated by org.testng.reporters.JUnitReportReporter -->
<testsuite hostname="DESKTOP-SM3GAAU" failures="0" tests="10" name="com.qa.test.ProductDetailsTest" time="98.171" errors="0" timestamp="2022-10-12T22:38:40 PKT" skipped="0">
  <testcase classname="com.qa.test.ProductDetailsTest" name="validateProdTitlePrice" time="7.329"/>
  <system-out/>
  <testcase classname="com.qa.test.ProductDetailsTest" name="validateProdTitlePrice" time="6.599"/>
  <system-out/>
  <testcase classname="com.qa.test.ProductDetailsTest" name="validateProdTitleDetailsPrice" time="12.685"/>
  <system-out/>
  <testcase classname="com.qa.test.ProductDetailsTest" name="validateProdTitleDetailsPrice" time="13.728"/>
  <system-out/>
  <testcase classname="com.qa.test.ProductDetailsTest" name="validateProdDetailsAndPrice" time="13.413"/>
  <system-out/>
  <testcase classname="com.qa.test.ProductDetailsTest" name="validateProdDetailsAndPrice" time="14.191"/>
  <system-out/>
  <testcase classname="com.qa.test.ProductDetailsTest" name="validateProdTitlePriceWithDeeplink" time="4.324"/>
  <system-out/>
  <testcase classname="com.qa.test.ProductDetailsTest" name="validateProdTitlePriceWithDeeplink" time="4.213"/>
  <system-out/>
  <testcase classname="com.qa.test.ProductDetailsTest" name="validateProdDetailsAndPriceWithDeeplink" time="11.431"/>
  <system-out/>
  <testcase classname="com.qa.test.ProductDetailsTest" name="validateProdDetailsAndPriceWithDeeplink" time="10.258"/>
  <system-out/>
</testsuite> <!-- com.qa.test.ProductDetailsTest -->
