<?xml version="1.0" encoding="UTF-8"?>
<!-- Generated by org.testng.reporters.JUnitReportReporter -->
<testsuite hostname="DESKTOP-SM3GAAU" failures="0" tests="5" name="com.qa.test.ProductDetailsTest" time="45.310" errors="0" timestamp="2022-06-22T11:16:28 PKT" skipped="0">
  <testcase classname="com.qa.test.ProductDetailsTest" name="validateProdTitlePrice" time="7.435"/>
  <system-out/>
  <testcase classname="com.qa.test.ProductDetailsTest" name="validateProdTitleDetailsPrice" time="11.712"/>
  <system-out/>
  <testcase classname="com.qa.test.ProductDetailsTest" name="validateProdDetailsAndPrice" time="12.782"/>
  <system-out/>
  <testcase classname="com.qa.test.ProductDetailsTest" name="validateProdTitlePriceWithDeeplink" time="3.734"/>
  <system-out/>
  <testcase classname="com.qa.test.ProductDetailsTest" name="validateProdDetailsAndPriceWithDeeplink" time="9.647"/>
  <system-out/>
</testsuite> <!-- com.qa.test.ProductDetailsTest -->
