<?xml version="1.0" encoding="UTF-8"?>
<!-- Generated by org.testng.reporters.JUnitReportReporter -->
<testsuite hostname="DESKTOP-SM3GAAU" failures="0" tests="1" name="com.qa.test.LoginTest" time="4.021" errors="0" timestamp="2022-10-18T16:05:06 PKT" skipped="0">
  <testcase classname="com.qa.test.LoginTest" name="incorrectUser" time="4.021"/>
  <system-out/>
</testsuite> <!-- com.qa.test.LoginTest -->
