<?xml version="1.0" encoding="UTF-8"?>
<!-- Generated by org.testng.reporters.JUnitReportReporter -->
<testsuite hostname="DESKTOP-SM3GAAU" failures="0" tests="5" name="com.qa.test.ProductDetailsTest" time="49.407" errors="0" timestamp="2022-10-12T22:14:40 PKT" skipped="0">
  <testcase classname="com.qa.test.ProductDetailsTest" name="validateProdTitlePrice" time="6.612"/>
  <system-out/>
  <testcase classname="com.qa.test.ProductDetailsTest" name="validateProdTitleDetailsPrice" time="12.887"/>
  <system-out/>
  <testcase classname="com.qa.test.ProductDetailsTest" name="validateProdDetailsAndPrice" time="14.492"/>
  <system-out/>
  <testcase classname="com.qa.test.ProductDetailsTest" name="validateProdTitlePriceWithDeeplink" time="4.030"/>
  <system-out/>
  <testcase classname="com.qa.test.ProductDetailsTest" name="validateProdDetailsAndPriceWithDeeplink" time="11.386"/>
  <system-out/>
</testsuite> <!-- com.qa.test.ProductDetailsTest -->
